Added Component: Designator=J2(PCBComponent_1)
Added Component: Designator=J3(PCBComponent_1)
Added Component: Designator=J4(PCBComponent_1)
Added Component: Designator=J5(PCBComponent_1)
Added Component: Designator=J6(PCBComponent_1)
Added Component: Designator=J7(PCBComponent_1)
Added Component: Designator=J8(PCBComponent_1)
Added Component: Designator=J9(PCBComponent_1)
Added Pin To Net: NetName=+5 Pin=J2-1
Added Pin To Net: NetName=NetJ3_1 Pin=J3-1
Added Pin To Net: NetName=NetJ4_1 Pin=J4-1
Added Pin To Net: NetName=NetJ5_1 Pin=J5-1
Added Pin To Net: NetName=NetJ6_1 Pin=J6-1
Added Pin To Net: NetName=GND Pin=J7-1
Added Pin To Net: NetName=NetJ8_1 Pin=J8-1
Added Pin To Net: NetName=NetJ9_1 Pin=J9-1
Added Member To Class: ClassName=BatGPSTracker Member=Component J2 Component_1
Added Member To Class: ClassName=BatGPSTracker Member=Component J3 Component_1
Added Member To Class: ClassName=BatGPSTracker Member=Component J4 Component_1
Added Member To Class: ClassName=BatGPSTracker Member=Component J5 Component_1
Added Member To Class: ClassName=BatGPSTracker Member=Component J6 Component_1
Added Member To Class: ClassName=BatGPSTracker Member=Component J7 Component_1
Added Member To Class: ClassName=BatGPSTracker Member=Component J8 Component_1
Added Member To Class: ClassName=BatGPSTracker Member=Component J9 Component_1
